<?xml version="1.0" encoding="UTF-8"?>
<testng-results ignored="0" total="2" passed="2" failed="0" skipped="0">
  <reporter-output>
  </reporter-output>
  <suite started-at="2021-10-13T09:44:56 IST" name="SampleSuite2" finished-at="2021-10-13T09:45:56 IST" duration-ms="59584">
    <groups>
    </groups>
    <test started-at="2021-10-13T09:44:56 IST" name="SampleTest" finished-at="2021-10-13T09:45:26 IST" duration-ms="29398">
      <class name="com.selenium.code.sessions.Recordscripts">
        <test-method is-config="true" signature="setup(java.lang.String)[pri:0, instance:com.selenium.code.sessions.Recordscripts@18d87d80]" started-at="2021-10-13T09:44:56 IST" name="setup" finished-at="2021-10-13T09:45:06 IST" duration-ms="9181" status="PASS">
          <params>
            <param index="0">
              <value>
                <![CDATA[Chrome]]>
              </value>
            </param>
          </params>
          <reporter-output>
          </reporter-output>
        </test-method> <!-- setup -->
        <test-method signature="testParameterWithXML()[pri:0, instance:com.selenium.code.sessions.Recordscripts@18d87d80]" started-at="2021-10-13T09:45:06 IST" name="testParameterWithXML" finished-at="2021-10-13T09:45:26 IST" duration-ms="20155" status="PASS">
          <reporter-output>
          </reporter-output>
        </test-method> <!-- testParameterWithXML -->
      </class> <!-- com.selenium.code.sessions.Recordscripts -->
    </test> <!-- SampleTest -->
    <test started-at="2021-10-13T09:45:26 IST" name="Sample2Test" finished-at="2021-10-13T09:45:56 IST" duration-ms="30123">
      <class name="com.selenium.code.sessions.Recordscripts">
        <test-method is-config="true" signature="setup(java.lang.String)[pri:0, instance:com.selenium.code.sessions.Recordscripts@659499f1]" started-at="2021-10-13T09:45:26 IST" name="setup" finished-at="2021-10-13T09:45:34 IST" duration-ms="8605" status="PASS">
          <params>
            <param index="0">
              <value>
                <![CDATA[Firefox]]>
              </value>
            </param>
          </params>
          <reporter-output>
          </reporter-output>
        </test-method> <!-- setup -->
        <test-method signature="testParameterWithXML()[pri:0, instance:com.selenium.code.sessions.Recordscripts@659499f1]" started-at="2021-10-13T09:45:34 IST" name="testParameterWithXML" finished-at="2021-10-13T09:45:56 IST" duration-ms="21502" status="PASS">
          <reporter-output>
          </reporter-output>
        </test-method> <!-- testParameterWithXML -->
      </class> <!-- com.selenium.code.sessions.Recordscripts -->
    </test> <!-- Sample2Test -->
  </suite> <!-- SampleSuite2 -->
</testng-results>
